{"name":"Bank Guarantee Positive flow default mandatory fields GVP-235","status":"broken","statusDetails":{"known":false,"muted":false,"flaky":false,"message":"Expected condition failed: waiting for element to be clickable: GuaranteeRequestViewPage.closeBtn (tried for 15 second(s) with 500 milliseconds interval)","trace":"org.openqa.selenium.TimeoutException: Expected condition failed: waiting for element to be clickable: GuaranteeRequestViewPage.closeBtn (tried for 15 second(s) with 500 milliseconds interval)\r\n\tat org.openqa.selenium.support.ui.WebDriverWait.timeoutException(WebDriverWait.java:95)\r\n\tat org.openqa.selenium.support.ui.FluentWait.until(FluentWait.java:272)\r\n\tat actionPatternSteps.actions.WaitForConditionKt$waitForCondition$1.invoke(WaitForCondition.kt:29)\r\n\tat actionPatternSteps.utils.StepLogger.step$e2e_ui_tests(StepLogger.kt:20)\r\n\tat actionPatternSteps.actions.StepKt.step(Step.kt:7)\r\n\tat actionPatternSteps.actions.WaitForConditionKt.waitForCondition(WaitForCondition.kt:25)\r\n\tat actionPatternSteps.actions.WaitForConditionKt.waitForCondition(WaitForCondition.kt:18)\r\n\tat actionPatternSteps.actions.WaitForElementClickableKt$waitForElementClickableGeneric$1.invoke(WaitForElementClickable.kt:43)\r\n\tat actionPatternSteps.actions.WaitForElementClickableKt$waitForElementClickableGeneric$1.invoke(WaitForElementClickable.kt)\r\n\tat actionPatternSteps.utils.StepLogger.step$e2e_ui_tests(StepLogger.kt:20)\r\n\tat actionPatternSteps.actions.StepKt.step(Step.kt:7)\r\n\tat actionPatternSteps.actions.WaitForElementClickableKt.waitForElementClickableGeneric(WaitForElementClickable.kt:42)\r\n\tat actionPatternSteps.actions.ClickOnKt$clickOnGeneric$1.invoke(ClickOn.kt:28)\r\n\tat actionPatternSteps.actions.ClickOnKt$clickOnGeneric$1.invoke(ClickOn.kt)\r\n\tat actionPatternSteps.utils.StepLogger.step$e2e_ui_tests(StepLogger.kt:20)\r\n\tat actionPatternSteps.actions.StepKt.step(Step.kt:7)\r\n\tat actionPatternSteps.actions.ClickOnKt.clickOnGeneric(ClickOn.kt:27)\r\n\tat actionPatternSteps.actions.ClickOnKt.clickOn(ClickOn.kt:15)\r\n\tat actionPatternSteps.actions.ClickOnKt.clickOn$default(ClickOn.kt:14)\r\n\tat stepdefs.LoginStepDefs$2.accept(LoginStepDefs.kt:33)\r\n\tat ✽.APPLICANT navigates to the Dashboard Page(file:/C:/Work_Projects/e2e-ui-tests/test/resources/features/registerHeadOffice_UC001/CreateGuranteeRequest.feature:9)\r\nCaused by: org.openqa.selenium.NoSuchElementException: Could not find: GuaranteeRequestViewPage.closeBtn\nFor documentation on this error, please visit: https://www.seleniumhq.org/exceptions/no_such_element.html\nBuild info: version: '3.141.59', revision: 'e82be7d358', time: '2018-11-14T08:17:03'\nSystem info: host: 'LP20094', ip: '10.102.20.194', os.name: 'Windows 10', os.arch: 'amd64', os.version: '10.0', java.version: '11.0.9'\nDriver info: driver.version: unknown\r\n\tat actionPatternSteps.utils.selenium.GetElementKt.getElement(GetElement.kt:22)\r\n\tat actionPatternSteps.utils.selenium.GetElementKt.getElement(GetElement.kt:17)\r\n\tat actionPatternSteps.actions.FindKt$findGeneric$1.invoke(Find.kt:146)\r\n\tat actionPatternSteps.actions.FindKt$findGeneric$1.invoke(Find.kt)\r\n\tat actionPatternSteps.utils.StepLogger.step$e2e_ui_tests(StepLogger.kt:20)\r\n\tat actionPatternSteps.actions.StepKt.step(Step.kt:7)\r\n\tat actionPatternSteps.actions.FindKt.findGeneric(Find.kt:144)\r\n\tat actionPatternSteps.actions.WaitForElementClickableKt$waitForElementClickableGeneric$1$1.invoke(WaitForElementClickable.kt:50)\r\n\tat actionPatternSteps.actions.WaitForElementClickableKt$waitForElementClickableGeneric$1$1.invoke(WaitForElementClickable.kt)\r\n\tat actionPatternSteps.actions.WaitForConditionKt$waitForCondition$1$1.apply(WaitForCondition.kt:32)\r\n\tat actionPatternSteps.actions.WaitForConditionKt$waitForCondition$1$1.apply(WaitForCondition.kt:29)\r\n\tat org.openqa.selenium.support.ui.FluentWait.until(FluentWait.java:249)\r\n\tat actionPatternSteps.actions.WaitForConditionKt$waitForCondition$1.invoke(WaitForCondition.kt:29)\r\n\tat actionPatternSteps.utils.StepLogger.step$e2e_ui_tests(StepLogger.kt:20)\r\n\tat actionPatternSteps.actions.StepKt.step(Step.kt:7)\r\n\tat actionPatternSteps.actions.WaitForConditionKt.waitForCondition(WaitForCondition.kt:25)\r\n\tat actionPatternSteps.actions.WaitForConditionKt.waitForCondition(WaitForCondition.kt:18)\r\n\tat actionPatternSteps.actions.WaitForElementClickableKt$waitForElementClickableGeneric$1.invoke(WaitForElementClickable.kt:43)\r\n\tat actionPatternSteps.actions.WaitForElementClickableKt$waitForElementClickableGeneric$1.invoke(WaitForElementClickable.kt)\r\n\tat actionPatternSteps.utils.StepLogger.step$e2e_ui_tests(StepLogger.kt:20)\r\n\tat actionPatternSteps.actions.StepKt.step(Step.kt:7)\r\n\tat actionPatternSteps.actions.WaitForElementClickableKt.waitForElementClickableGeneric(WaitForElementClickable.kt:42)\r\n\tat actionPatternSteps.actions.ClickOnKt$clickOnGeneric$1.invoke(ClickOn.kt:28)\r\n\tat actionPatternSteps.actions.ClickOnKt$clickOnGeneric$1.invoke(ClickOn.kt)\r\n\tat actionPatternSteps.utils.StepLogger.step$e2e_ui_tests(StepLogger.kt:20)\r\n\tat actionPatternSteps.actions.StepKt.step(Step.kt:7)\r\n\tat actionPatternSteps.actions.ClickOnKt.clickOnGeneric(ClickOn.kt:27)\r\n\tat actionPatternSteps.actions.ClickOnKt.clickOn(ClickOn.kt:15)\r\n\tat actionPatternSteps.actions.ClickOnKt.clickOn$default(ClickOn.kt:14)\r\n\tat stepdefs.LoginStepDefs$2.accept(LoginStepDefs.kt:33)\r\n\tat java.base/jdk.internal.reflect.NativeMethodAccessorImpl.invoke0(Native Method)\r\n\tat java.base/jdk.internal.reflect.NativeMethodAccessorImpl.invoke(NativeMethodAccessorImpl.java:62)\r\n\tat java.base/jdk.internal.reflect.DelegatingMethodAccessorImpl.invoke(DelegatingMethodAccessorImpl.java:43)\r\n\tat java.base/java.lang.reflect.Method.invoke(Method.java:566)\r\n\tat cucumber.runtime.Utils$1.call(Utils.java:26)\r\n\tat cucumber.runtime.Timeout.timeout(Timeout.java:16)\r\n\tat cucumber.runtime.Utils.invoke(Utils.java:20)\r\n\tat cucumber.runtime.java8.Java8StepDefinition.execute(Java8StepDefinition.java:113)\r\n\tat cucumber.runner.PickleStepDefinitionMatch.runStep(PickleStepDefinitionMatch.java:50)\r\n\tat cucumber.runner.TestStep.executeStep(TestStep.java:65)\r\n\tat cucumber.runner.TestStep.run(TestStep.java:50)\r\n\tat cucumber.runner.PickleStepTestStep.run(PickleStepTestStep.java:43)\r\n\tat cucumber.runner.TestCase.run(TestCase.java:46)\r\n\tat cucumber.runner.Runner.runPickle(Runner.java:50)\r\n\tat io.cucumber.junit.PickleRunners$NoStepDescriptions.run(PickleRunners.java:146)\r\n\tat io.cucumber.junit.FeatureRunner.runChild(FeatureRunner.java:68)\r\n\tat io.cucumber.junit.FeatureRunner.runChild(FeatureRunner.java:23)\r\n\tat org.junit.runners.ParentRunner$3.run(ParentRunner.java:290)\r\n\tat org.junit.runners.ParentRunner$1.schedule(ParentRunner.java:71)\r\n\tat org.junit.runners.ParentRunner.runChildren(ParentRunner.java:288)\r\n\tat org.junit.runners.ParentRunner.access$000(ParentRunner.java:58)\r\n\tat org.junit.runners.ParentRunner$2.evaluate(ParentRunner.java:268)\r\n\tat org.junit.runners.ParentRunner.run(ParentRunner.java:363)\r\n\tat io.cucumber.junit.Cucumber.runChild(Cucumber.java:144)\r\n\tat io.cucumber.junit.Cucumber.runChild(Cucumber.java:65)\r\n\tat org.junit.runners.ParentRunner$3.run(ParentRunner.java:290)\r\n\tat org.junit.runners.ParentRunner$1.schedule(ParentRunner.java:71)\r\n\tat org.junit.runners.ParentRunner.runChildren(ParentRunner.java:288)\r\n\tat org.junit.runners.ParentRunner.access$000(ParentRunner.java:58)\r\n\tat org.junit.runners.ParentRunner$2.evaluate(ParentRunner.java:268)\r\n\tat io.cucumber.junit.Cucumber$RunCucumber.evaluate(Cucumber.java:174)\r\n\tat org.junit.runners.ParentRunner.run(ParentRunner.java:363)\r\n\tat org.junit.runner.JUnitCore.run(JUnitCore.java:137)\r\n\tat org.junit.runner.JUnitCore.run(JUnitCore.java:115)\r\n\tat org.junit.vintage.engine.execution.RunnerExecutor.execute(RunnerExecutor.java:40)\r\n\tat java.base/java.util.stream.ForEachOps$ForEachOp$OfRef.accept(ForEachOps.java:183)\r\n\tat java.base/java.util.stream.ReferencePipeline$3$1.accept(ReferencePipeline.java:195)\r\n\tat java.base/java.util.Iterator.forEachRemaining(Iterator.java:133)\r\n\tat java.base/java.util.Spliterators$IteratorSpliterator.forEachRemaining(Spliterators.java:1801)\r\n\tat java.base/java.util.stream.AbstractPipeline.copyInto(AbstractPipeline.java:484)\r\n\tat java.base/java.util.stream.AbstractPipeline.wrapAndCopyInto(AbstractPipeline.java:474)\r\n\tat java.base/java.util.stream.ForEachOps$ForEachOp.evaluateSequential(ForEachOps.java:150)\r\n\tat java.base/java.util.stream.ForEachOps$ForEachOp$OfRef.evaluateSequential(ForEachOps.java:173)\r\n\tat java.base/java.util.stream.AbstractPipeline.evaluate(AbstractPipeline.java:234)\r\n\tat java.base/java.util.stream.ReferencePipeline.forEach(ReferencePipeline.java:497)\r\n\tat org.junit.vintage.engine.VintageTestEngine.executeAllChildren(VintageTestEngine.java:80)\r\n\tat org.junit.vintage.engine.VintageTestEngine.execute(VintageTestEngine.java:71)\r\n\tat org.junit.platform.launcher.core.DefaultLauncher.execute(DefaultLauncher.java:229)\r\n\tat org.junit.platform.launcher.core.DefaultLauncher.lambda$execute$6(DefaultLauncher.java:197)\r\n\tat org.junit.platform.launcher.core.DefaultLauncher.withInterceptedStreams(DefaultLauncher.java:211)\r\n\tat org.junit.platform.launcher.core.DefaultLauncher.execute(DefaultLauncher.java:191)\r\n\tat org.junit.platform.launcher.core.DefaultLauncher.execute(DefaultLauncher.java:128)\r\n\tat org.apache.maven.surefire.junitplatform.JUnitPlatformProvider.invokeAllTests(JUnitPlatformProvider.java:150)\r\n\tat org.apache.maven.surefire.junitplatform.JUnitPlatformProvider.invoke(JUnitPlatformProvider.java:120)\r\n\tat org.apache.maven.surefire.booter.ForkedBooter.invokeProviderInSameClassLoader(ForkedBooter.java:384)\r\n\tat org.apache.maven.surefire.booter.ForkedBooter.runSuitesInProcess(ForkedBooter.java:345)\r\n\tat org.apache.maven.surefire.booter.ForkedBooter.execute(ForkedBooter.java:126)\r\n\tat org.apache.maven.surefire.booter.ForkedBooter.main(ForkedBooter.java:418)\r\n"},"stage":"finished","steps":[{"name":"Given  APPLICANT navigates to the Dashboard Page","status":"broken","statusDetails":{"known":false,"muted":false,"flaky":false,"message":"Expected condition failed: waiting for element to be clickable: GuaranteeRequestViewPage.closeBtn (tried for 15 second(s) with 500 milliseconds interval)","trace":"org.openqa.selenium.TimeoutException: Expected condition failed: waiting for element to be clickable: GuaranteeRequestViewPage.closeBtn (tried for 15 second(s) with 500 milliseconds interval)\r\n\tat org.openqa.selenium.support.ui.WebDriverWait.timeoutException(WebDriverWait.java:95)\r\n\tat org.openqa.selenium.support.ui.FluentWait.until(FluentWait.java:272)\r\n\tat actionPatternSteps.actions.WaitForConditionKt$waitForCondition$1.invoke(WaitForCondition.kt:29)\r\n\tat actionPatternSteps.utils.StepLogger.step$e2e_ui_tests(StepLogger.kt:20)\r\n\tat actionPatternSteps.actions.StepKt.step(Step.kt:7)\r\n\tat actionPatternSteps.actions.WaitForConditionKt.waitForCondition(WaitForCondition.kt:25)\r\n\tat actionPatternSteps.actions.WaitForConditionKt.waitForCondition(WaitForCondition.kt:18)\r\n\tat actionPatternSteps.actions.WaitForElementClickableKt$waitForElementClickableGeneric$1.invoke(WaitForElementClickable.kt:43)\r\n\tat actionPatternSteps.actions.WaitForElementClickableKt$waitForElementClickableGeneric$1.invoke(WaitForElementClickable.kt)\r\n\tat actionPatternSteps.utils.StepLogger.step$e2e_ui_tests(StepLogger.kt:20)\r\n\tat actionPatternSteps.actions.StepKt.step(Step.kt:7)\r\n\tat actionPatternSteps.actions.WaitForElementClickableKt.waitForElementClickableGeneric(WaitForElementClickable.kt:42)\r\n\tat actionPatternSteps.actions.ClickOnKt$clickOnGeneric$1.invoke(ClickOn.kt:28)\r\n\tat actionPatternSteps.actions.ClickOnKt$clickOnGeneric$1.invoke(ClickOn.kt)\r\n\tat actionPatternSteps.utils.StepLogger.step$e2e_ui_tests(StepLogger.kt:20)\r\n\tat actionPatternSteps.actions.StepKt.step(Step.kt:7)\r\n\tat actionPatternSteps.actions.ClickOnKt.clickOnGeneric(ClickOn.kt:27)\r\n\tat actionPatternSteps.actions.ClickOnKt.clickOn(ClickOn.kt:15)\r\n\tat actionPatternSteps.actions.ClickOnKt.clickOn$default(ClickOn.kt:14)\r\n\tat stepdefs.LoginStepDefs$2.accept(LoginStepDefs.kt:33)\r\n\tat ✽.APPLICANT navigates to the Dashboard Page(file:/C:/Work_Projects/e2e-ui-tests/test/resources/features/registerHeadOffice_UC001/CreateGuranteeRequest.feature:9)\r\nCaused by: org.openqa.selenium.NoSuchElementException: Could not find: GuaranteeRequestViewPage.closeBtn\nFor documentation on this error, please visit: https://www.seleniumhq.org/exceptions/no_such_element.html\nBuild info: version: '3.141.59', revision: 'e82be7d358', time: '2018-11-14T08:17:03'\nSystem info: host: 'LP20094', ip: '10.102.20.194', os.name: 'Windows 10', os.arch: 'amd64', os.version: '10.0', java.version: '11.0.9'\nDriver info: driver.version: unknown\r\n\tat actionPatternSteps.utils.selenium.GetElementKt.getElement(GetElement.kt:22)\r\n\tat actionPatternSteps.utils.selenium.GetElementKt.getElement(GetElement.kt:17)\r\n\tat actionPatternSteps.actions.FindKt$findGeneric$1.invoke(Find.kt:146)\r\n\tat actionPatternSteps.actions.FindKt$findGeneric$1.invoke(Find.kt)\r\n\tat actionPatternSteps.utils.StepLogger.step$e2e_ui_tests(StepLogger.kt:20)\r\n\tat actionPatternSteps.actions.StepKt.step(Step.kt:7)\r\n\tat actionPatternSteps.actions.FindKt.findGeneric(Find.kt:144)\r\n\tat actionPatternSteps.actions.WaitForElementClickableKt$waitForElementClickableGeneric$1$1.invoke(WaitForElementClickable.kt:50)\r\n\tat actionPatternSteps.actions.WaitForElementClickableKt$waitForElementClickableGeneric$1$1.invoke(WaitForElementClickable.kt)\r\n\tat actionPatternSteps.actions.WaitForConditionKt$waitForCondition$1$1.apply(WaitForCondition.kt:32)\r\n\tat actionPatternSteps.actions.WaitForConditionKt$waitForCondition$1$1.apply(WaitForCondition.kt:29)\r\n\tat org.openqa.selenium.support.ui.FluentWait.until(FluentWait.java:249)\r\n\tat actionPatternSteps.actions.WaitForConditionKt$waitForCondition$1.invoke(WaitForCondition.kt:29)\r\n\tat actionPatternSteps.utils.StepLogger.step$e2e_ui_tests(StepLogger.kt:20)\r\n\tat actionPatternSteps.actions.StepKt.step(Step.kt:7)\r\n\tat actionPatternSteps.actions.WaitForConditionKt.waitForCondition(WaitForCondition.kt:25)\r\n\tat actionPatternSteps.actions.WaitForConditionKt.waitForCondition(WaitForCondition.kt:18)\r\n\tat actionPatternSteps.actions.WaitForElementClickableKt$waitForElementClickableGeneric$1.invoke(WaitForElementClickable.kt:43)\r\n\tat actionPatternSteps.actions.WaitForElementClickableKt$waitForElementClickableGeneric$1.invoke(WaitForElementClickable.kt)\r\n\tat actionPatternSteps.utils.StepLogger.step$e2e_ui_tests(StepLogger.kt:20)\r\n\tat actionPatternSteps.actions.StepKt.step(Step.kt:7)\r\n\tat actionPatternSteps.actions.WaitForElementClickableKt.waitForElementClickableGeneric(WaitForElementClickable.kt:42)\r\n\tat actionPatternSteps.actions.ClickOnKt$clickOnGeneric$1.invoke(ClickOn.kt:28)\r\n\tat actionPatternSteps.actions.ClickOnKt$clickOnGeneric$1.invoke(ClickOn.kt)\r\n\tat actionPatternSteps.utils.StepLogger.step$e2e_ui_tests(StepLogger.kt:20)\r\n\tat actionPatternSteps.actions.StepKt.step(Step.kt:7)\r\n\tat actionPatternSteps.actions.ClickOnKt.clickOnGeneric(ClickOn.kt:27)\r\n\tat actionPatternSteps.actions.ClickOnKt.clickOn(ClickOn.kt:15)\r\n\tat actionPatternSteps.actions.ClickOnKt.clickOn$default(ClickOn.kt:14)\r\n\tat stepdefs.LoginStepDefs$2.accept(LoginStepDefs.kt:33)\r\n\tat java.base/jdk.internal.reflect.NativeMethodAccessorImpl.invoke0(Native Method)\r\n\tat java.base/jdk.internal.reflect.NativeMethodAccessorImpl.invoke(NativeMethodAccessorImpl.java:62)\r\n\tat java.base/jdk.internal.reflect.DelegatingMethodAccessorImpl.invoke(DelegatingMethodAccessorImpl.java:43)\r\n\tat java.base/java.lang.reflect.Method.invoke(Method.java:566)\r\n\tat cucumber.runtime.Utils$1.call(Utils.java:26)\r\n\tat cucumber.runtime.Timeout.timeout(Timeout.java:16)\r\n\tat cucumber.runtime.Utils.invoke(Utils.java:20)\r\n\tat cucumber.runtime.java8.Java8StepDefinition.execute(Java8StepDefinition.java:113)\r\n\tat cucumber.runner.PickleStepDefinitionMatch.runStep(PickleStepDefinitionMatch.java:50)\r\n\tat cucumber.runner.TestStep.executeStep(TestStep.java:65)\r\n\tat cucumber.runner.TestStep.run(TestStep.java:50)\r\n\tat cucumber.runner.PickleStepTestStep.run(PickleStepTestStep.java:43)\r\n\tat cucumber.runner.TestCase.run(TestCase.java:46)\r\n\tat cucumber.runner.Runner.runPickle(Runner.java:50)\r\n\tat io.cucumber.junit.PickleRunners$NoStepDescriptions.run(PickleRunners.java:146)\r\n\tat io.cucumber.junit.FeatureRunner.runChild(FeatureRunner.java:68)\r\n\tat io.cucumber.junit.FeatureRunner.runChild(FeatureRunner.java:23)\r\n\tat org.junit.runners.ParentRunner$3.run(ParentRunner.java:290)\r\n\tat org.junit.runners.ParentRunner$1.schedule(ParentRunner.java:71)\r\n\tat org.junit.runners.ParentRunner.runChildren(ParentRunner.java:288)\r\n\tat org.junit.runners.ParentRunner.access$000(ParentRunner.java:58)\r\n\tat org.junit.runners.ParentRunner$2.evaluate(ParentRunner.java:268)\r\n\tat org.junit.runners.ParentRunner.run(ParentRunner.java:363)\r\n\tat io.cucumber.junit.Cucumber.runChild(Cucumber.java:144)\r\n\tat io.cucumber.junit.Cucumber.runChild(Cucumber.java:65)\r\n\tat org.junit.runners.ParentRunner$3.run(ParentRunner.java:290)\r\n\tat org.junit.runners.ParentRunner$1.schedule(ParentRunner.java:71)\r\n\tat org.junit.runners.ParentRunner.runChildren(ParentRunner.java:288)\r\n\tat org.junit.runners.ParentRunner.access$000(ParentRunner.java:58)\r\n\tat org.junit.runners.ParentRunner$2.evaluate(ParentRunner.java:268)\r\n\tat io.cucumber.junit.Cucumber$RunCucumber.evaluate(Cucumber.java:174)\r\n\tat org.junit.runners.ParentRunner.run(ParentRunner.java:363)\r\n\tat org.junit.runner.JUnitCore.run(JUnitCore.java:137)\r\n\tat org.junit.runner.JUnitCore.run(JUnitCore.java:115)\r\n\tat org.junit.vintage.engine.execution.RunnerExecutor.execute(RunnerExecutor.java:40)\r\n\tat java.base/java.util.stream.ForEachOps$ForEachOp$OfRef.accept(ForEachOps.java:183)\r\n\tat java.base/java.util.stream.ReferencePipeline$3$1.accept(ReferencePipeline.java:195)\r\n\tat java.base/java.util.Iterator.forEachRemaining(Iterator.java:133)\r\n\tat java.base/java.util.Spliterators$IteratorSpliterator.forEachRemaining(Spliterators.java:1801)\r\n\tat java.base/java.util.stream.AbstractPipeline.copyInto(AbstractPipeline.java:484)\r\n\tat java.base/java.util.stream.AbstractPipeline.wrapAndCopyInto(AbstractPipeline.java:474)\r\n\tat java.base/java.util.stream.ForEachOps$ForEachOp.evaluateSequential(ForEachOps.java:150)\r\n\tat java.base/java.util.stream.ForEachOps$ForEachOp$OfRef.evaluateSequential(ForEachOps.java:173)\r\n\tat java.base/java.util.stream.AbstractPipeline.evaluate(AbstractPipeline.java:234)\r\n\tat java.base/java.util.stream.ReferencePipeline.forEach(ReferencePipeline.java:497)\r\n\tat org.junit.vintage.engine.VintageTestEngine.executeAllChildren(VintageTestEngine.java:80)\r\n\tat org.junit.vintage.engine.VintageTestEngine.execute(VintageTestEngine.java:71)\r\n\tat org.junit.platform.launcher.core.DefaultLauncher.execute(DefaultLauncher.java:229)\r\n\tat org.junit.platform.launcher.core.DefaultLauncher.lambda$execute$6(DefaultLauncher.java:197)\r\n\tat org.junit.platform.launcher.core.DefaultLauncher.withInterceptedStreams(DefaultLauncher.java:211)\r\n\tat org.junit.platform.launcher.core.DefaultLauncher.execute(DefaultLauncher.java:191)\r\n\tat org.junit.platform.launcher.core.DefaultLauncher.execute(DefaultLauncher.java:128)\r\n\tat org.apache.maven.surefire.junitplatform.JUnitPlatformProvider.invokeAllTests(JUnitPlatformProvider.java:150)\r\n\tat org.apache.maven.surefire.junitplatform.JUnitPlatformProvider.invoke(JUnitPlatformProvider.java:120)\r\n\tat org.apache.maven.surefire.booter.ForkedBooter.invokeProviderInSameClassLoader(ForkedBooter.java:384)\r\n\tat org.apache.maven.surefire.booter.ForkedBooter.runSuitesInProcess(ForkedBooter.java:345)\r\n\tat org.apache.maven.surefire.booter.ForkedBooter.execute(ForkedBooter.java:126)\r\n\tat org.apache.maven.surefire.booter.ForkedBooter.main(ForkedBooter.java:418)\r\n"},"stage":"finished","steps":[],"attachments":[],"parameters":[],"start":1614858848853,"stop":1614858866071},{"name":"And  APPLICANT click on [REQUEST ISSUANCE] button from header","status":"skipped","statusDetails":{"known":false,"muted":false,"flaky":false},"stage":"finished","steps":[],"attachments":[],"parameters":[],"start":1614858866072,"stop":1614858866074},{"name":"And  APPLICANT picks Bank Guarantee","status":"skipped","statusDetails":{"known":false,"muted":false,"flaky":false},"stage":"finished","steps":[],"attachments":[],"parameters":[],"start":1614858866075,"stop":1614858866075},{"name":"And  System loads an empty Bank Guarantee Input Page","status":"skipped","statusDetails":{"known":false,"muted":false,"flaky":false},"stage":"finished","steps":[],"attachments":[],"parameters":[],"start":1614858866076,"stop":1614858866076},{"name":"When  user fills Obligor field with valid data","status":"skipped","statusDetails":{"known":false,"muted":false,"flaky":false},"stage":"finished","steps":[],"attachments":[],"parameters":[],"start":1614858866077,"stop":1614858866077},{"name":"And  user fills Applicant (50M) field with valid data","status":"skipped","statusDetails":{"known":false,"muted":false,"flaky":false},"stage":"finished","steps":[],"attachments":[],"parameters":[],"start":1614858866078,"stop":1614858866078},{"name":"And  user fills Guarantor field with valid data","status":"skipped","statusDetails":{"known":false,"muted":false,"flaky":false},"stage":"finished","steps":[],"attachments":[],"parameters":[],"start":1614858866079,"stop":1614858866079},{"name":"And  user fills Beneficiary (59) field with valid data","status":"skipped","statusDetails":{"known":false,"muted":false,"flaky":false},"stage":"finished","steps":[],"attachments":[],"parameters":[],"start":1614858866080,"stop":1614858866080},{"name":"And  user check Form of Instrument (22E) radio-button with value DIRECT","status":"skipped","statusDetails":{"known":false,"muted":false,"flaky":false},"stage":"finished","steps":[],"attachments":[],"parameters":[],"start":1614858866081,"stop":1614858866082},{"name":"And  user fills Type of Guarantee (22K) field with valid data","status":"skipped","statusDetails":{"known":false,"muted":false,"flaky":false},"stage":"finished","steps":[],"attachments":[],"parameters":[],"start":1614858866082,"stop":1614858866083},{"name":"And  user fills Wording of Guarantee (22J) field with valid data","status":"skipped","statusDetails":{"known":false,"muted":false,"flaky":false},"stage":"finished","steps":[],"attachments":[],"parameters":[],"start":1614858866083,"stop":1614858866084},{"name":"And  user fills Nominal Amount & Currency (39P) field with valid data","status":"skipped","statusDetails":{"known":false,"muted":false,"flaky":false},"stage":"finished","steps":[],"attachments":[],"parameters":[],"start":1614858866084,"stop":1614858866084},{"name":"And  user fills Applicable Rules (40C) field with valid data","status":"skipped","statusDetails":{"known":false,"muted":false,"flaky":false},"stage":"finished","steps":[],"attachments":[],"parameters":[],"start":1614858866085,"stop":1614858866085},{"name":"And  user check Validity (23B) radio-button with value LIMITED","status":"skipped","statusDetails":{"known":false,"muted":false,"flaky":false},"stage":"finished","steps":[],"attachments":[],"parameters":[],"start":1614858866085,"stop":1614858866086},{"name":"And  user fills Expiry Date (31L) field with tomorrow date","status":"skipped","statusDetails":{"known":false,"muted":false,"flaky":false},"stage":"finished","steps":[],"attachments":[],"parameters":[],"start":1614858866086,"stop":1614858866086},{"name":"And  user fills Reference Type field with valid data","status":"skipped","statusDetails":{"known":false,"muted":false,"flaky":false},"stage":"finished","steps":[],"attachments":[],"parameters":[],"start":1614858866087,"stop":1614858866087},{"name":"And  user check Delivery Type radio-button with value DIGITAL GUARANTEE","status":"skipped","statusDetails":{"known":false,"muted":false,"flaky":false},"stage":"finished","steps":[],"attachments":[],"parameters":[],"start":1614858866087,"stop":1614858866088},{"name":"And  user fills GVP Delivery field with valid data","status":"skipped","statusDetails":{"known":false,"muted":false,"flaky":false},"stage":"finished","steps":[],"attachments":[],"parameters":[],"start":1614858866088,"stop":1614858866089},{"name":"And  APPLICANT click on [SAVE] button from Guarantee Input Page","status":"skipped","statusDetails":{"known":false,"muted":false,"flaky":false},"stage":"finished","steps":[],"attachments":[],"parameters":[],"start":1614858866089,"stop":1614858866089},{"name":"And  APPLICANT click on [YES] button from Guarantee Registration Popup","status":"skipped","statusDetails":{"known":false,"muted":false,"flaky":false},"stage":"finished","steps":[],"attachments":[],"parameters":[],"start":1614858866090,"stop":1614858866092},{"name":"And  System sets Guarantee status to DRAFT","status":"skipped","statusDetails":{"known":false,"muted":false,"flaky":false},"stage":"finished","steps":[],"attachments":[],"parameters":[],"start":1614858866093,"stop":1614858866093},{"name":"And  Guarantee status font color is GRAY","status":"skipped","statusDetails":{"known":false,"muted":false,"flaky":false},"stage":"finished","steps":[],"attachments":[],"parameters":[],"start":1614858866094,"stop":1614858866098},{"name":"And  APPLICANT click [EDIT] button from Guarantee View Page","status":"skipped","statusDetails":{"known":false,"muted":false,"flaky":false},"stage":"finished","steps":[],"attachments":[],"parameters":[],"start":1614858866099,"stop":1614858866101},{"name":"And  user fills Instrument Purpose (26D) field with valid data","status":"skipped","statusDetails":{"known":false,"muted":false,"flaky":false},"stage":"finished","steps":[],"attachments":[],"parameters":[],"start":1614858866102,"stop":1614858866102},{"name":"And  APPLICANT click [SAVE] button from Guarantee View Page","status":"skipped","statusDetails":{"known":false,"muted":false,"flaky":false},"stage":"finished","steps":[],"attachments":[],"parameters":[],"start":1614858866102,"stop":1614858866103},{"name":"And  Assigns Guarantee request a unique id","status":"skipped","statusDetails":{"known":false,"muted":false,"flaky":false},"stage":"finished","steps":[],"attachments":[],"parameters":[],"start":1614858866103,"stop":1614858866104},{"name":"And  System sets Guarantee status to NEW","status":"skipped","statusDetails":{"known":false,"muted":false,"flaky":false},"stage":"finished","steps":[],"attachments":[],"parameters":[],"start":1614858866104,"stop":1614858866105},{"name":"And  Guarantee status font color is PURPLE","status":"skipped","statusDetails":{"known":false,"muted":false,"flaky":false},"stage":"finished","steps":[],"attachments":[],"parameters":[],"start":1614858866105,"stop":1614858866106},{"name":"And  system loads Guarantee Request View Page","status":"skipped","statusDetails":{"known":false,"muted":false,"flaky":false},"stage":"finished","steps":[],"attachments":[],"parameters":[],"start":1614858866106,"stop":1614858866106},{"name":"And  Guarantee data matches with default mandatory values from Guarantee Input Page","status":"skipped","statusDetails":{"known":false,"muted":false,"flaky":false},"stage":"finished","steps":[],"attachments":[],"parameters":[],"start":1614858866107,"stop":1614858866107}],"attachments":[],"parameters":[{"name":"type","value":"Bank Guarantee"}],"start":1614858846157,"stop":1614858887179,"uuid":"847f796f-2778-4127-b66d-1014730d0856","historyId":"39a723aaef491a4e7958aa0904debb60","fullName":"UC.010 Create Guarantee Request (by applicant): Bank Guarantee Positive flow default mandatory fields GVP-235","labels":[{"name":"tag","value":"E2E"},{"name":"tag","value":"Regression"},{"name":"tag","value":"CreateGuaranteeRequest"},{"name":"tag","value":"Regression1"},{"name":"host","value":"LP20094"},{"name":"thread","value":"17608@LP20094.main(1)"},{"name":"feature","value":"UC.010 Create Guarantee Request (by applicant)"},{"name":"story","value":"Bank Guarantee Positive flow default mandatory fields GVP-235"},{"name":"suite","value":"UC.010 Create Guarantee Request (by applicant)"},{"name":"testClass","value":"Bank Guarantee Positive flow default mandatory fields GVP-235"},{"name":"framework","value":"cucumber4jvm"},{"name":"language","value":"java"},{"name":"gherkin_uri","value":"file:/C:/Work_Projects/e2e-ui-tests/test/resources/features/registerHeadOffice_UC001/CreateGuranteeRequest.feature"},{"name":"package","value":"test.resources.features.registerHeadOffice_UC001.CreateGuranteeRequest_feature.UC.010 Create Guarantee Request (by applicant)"}],"links":[{"name":"GVP-235","url":"https://gvp.atlassian.net/browse/GVP-235","type":"tms"}]}